This is pdfTeX, Version 3.14159265-2.6-1.40.17 (TeX Live 2016) (preloaded format=pdflatex 2016.5.22)  22 JUN 2017 10:26
entering extended mode
 restricted \write18 enabled.
 file:line:error style messages enabled.
 %&-line parsing enabled.
**booksamp.tex
(./booksamp.tex
LaTeX2e <2016/03/31>
Babel <3.9r> and hyphenation patterns for 83 language(s) loaded.
(./SIAMGHbook2016.cls
Document Class: SIAMGHbook2016 2016/05/12 v2.1 Customized LaTeX document class
(/usr/local/texlive/2016/texmf-dist/tex/latex/base/bk10.clo
File: bk10.clo 2014/09/29 v1.4h Standard LaTeX file (size option)
)
\c@part=\count79
\c@chapter=\count80
\c@section=\count81
\c@subsection=\count82
\c@subsubsection=\count83
\c@paragraph=\count84
\c@subparagraph=\count85
\c@figure=\count86
\c@table=\count87
\abovecaptionskip=\skip41
\belowcaptionskip=\skip42
\xcaptionindent=\skip43
\c@algorithm=\count88
\bibindent=\dimen102
\proofboxwd=\skip44
\c@theorem=\count89
\exboxwd=\dimen103
\c@rmnum=\count90
\c@muni=\count91

(/usr/local/texlive/2016/texmf-dist/tex/generic/oberdiek/ifpdf.sty
Package: ifpdf 2016/05/14 v3.1 Provides the ifpdf switch
)
\c@prob=\count92

(/usr/local/texlive/2016/texmf-dist/tex/latex/tools/multicol.sty
Package: multicol 2016/04/07 v1.8p multicolumn formatting (FMi)
\c@tracingmulticols=\count93
\mult@box=\box26
\multicol@leftmargin=\dimen104
\c@unbalance=\count94
\c@collectmore=\count95
\doublecol@number=\count96
\multicoltolerance=\count97
\multicolpretolerance=\count98
\full@width=\dimen105
\page@free=\dimen106
\premulticols=\dimen107
\postmulticols=\dimen108
\multicolsep=\skip45
\multicolbaselineskip=\skip46
\partial@page=\box27
\last@line=\box28
\maxbalancingoverflow=\dimen109
\mult@rightbox=\box29
\mult@grightbox=\box30
\mult@gfirstbox=\box31
\mult@firstbox=\box32
\@tempa=\box33
\@tempa=\box34
\@tempa=\box35
\@tempa=\box36
\@tempa=\box37
\@tempa=\box38
\@tempa=\box39
\@tempa=\box40
\@tempa=\box41
\@tempa=\box42
\@tempa=\box43
\@tempa=\box44
\@tempa=\box45
\@tempa=\box46
\@tempa=\box47
\@tempa=\box48
\@tempa=\box49
\c@columnbadness=\count99
\c@finalcolumnbadness=\count100
\last@try=\dimen110
\multicolovershoot=\dimen111
\multicolundershoot=\dimen112
\mult@nat@firstbox=\box50
\colbreak@box=\box51
\mc@col@check@num=\count101
))
(/usr/local/texlive/2016/texmf-dist/tex/latex/graphics/epsfig.sty
Package: epsfig 1999/02/16 v1.7a (e)psfig emulation (SPQR)

(/usr/local/texlive/2016/texmf-dist/tex/latex/graphics/graphicx.sty
Package: graphicx 2014/10/28 v1.0g Enhanced LaTeX Graphics (DPC,SPQR)

(/usr/local/texlive/2016/texmf-dist/tex/latex/graphics/keyval.sty
Package: keyval 2014/10/28 v1.15 key=value parser (DPC)
\KV@toks@=\toks14
)
(/usr/local/texlive/2016/texmf-dist/tex/latex/graphics/graphics.sty
Package: graphics 2016/05/09 v1.0r Standard LaTeX Graphics (DPC,SPQR)

(/usr/local/texlive/2016/texmf-dist/tex/latex/graphics/trig.sty
Package: trig 2016/01/03 v1.10 sin cos tan (DPC)
)
(/usr/local/texlive/2016/texmf-dist/tex/latex/graphics-cfg/graphics.cfg
File: graphics.cfg 2016/01/02 v1.10 sample graphics configuration
)
Package graphics Info: Driver file: pdftex.def on input line 96.

(/usr/local/texlive/2016/texmf-dist/tex/latex/pdftex-def/pdftex.def
File: pdftex.def 2011/05/27 v0.06d Graphics/color for pdfTeX

(/usr/local/texlive/2016/texmf-dist/tex/generic/oberdiek/infwarerr.sty
Package: infwarerr 2016/05/16 v1.4 Providing info/warning/error messages (HO)
)
(/usr/local/texlive/2016/texmf-dist/tex/generic/oberdiek/ltxcmds.sty
Package: ltxcmds 2016/05/16 v1.23 LaTeX kernel commands for general use (HO)
)
\Gread@gobject=\count102
))
\Gin@req@height=\dimen113
\Gin@req@width=\dimen114
)
\epsfxsize=\dimen115
\epsfysize=\dimen116
)
(/usr/local/texlive/2016/texmf-dist/tex/latex/base/makeidx.sty
Package: makeidx 2014/09/29 v1.0m Standard LaTeX package
)
(/usr/local/texlive/2016/texmf-dist/tex/latex/subeqn/subeqn.sty
Package: subeqn 2004/04/15 v2.0b subnumbering of equations
)
\@indexfile=\write3
\openout3 = `booksamp.idx'.


Writing index file booksamp.idx
(/usr/local/texlive/2016/texmf-dist/tex/latex/hyperref/backref.sty
Package: backref 2012/07/25 v1.38 Bibliographical back referencing

(/usr/local/texlive/2016/texmf-dist/tex/latex/oberdiek/kvoptions.sty
Package: kvoptions 2016/05/16 v3.12 Key value format for package options (HO)

(/usr/local/texlive/2016/texmf-dist/tex/generic/oberdiek/kvsetkeys.sty
Package: kvsetkeys 2016/05/16 v1.17 Key value parser (HO)

(/usr/local/texlive/2016/texmf-dist/tex/generic/oberdiek/etexcmds.sty
Package: etexcmds 2016/05/16 v1.6 Avoid name clashes with e-TeX commands (HO)

(/usr/local/texlive/2016/texmf-dist/tex/generic/oberdiek/ifluatex.sty
Package: ifluatex 2016/05/16 v1.4 Provides the ifluatex switch (HO)
Package ifluatex Info: LuaTeX not detected.
)
Package etexcmds Info: Could not find \expanded.
(etexcmds)             That can mean that you are not using pdfTeX 1.50 or
(etexcmds)             that some package has redefined \expanded.
(etexcmds)             In the latter case, load this package earlier.
)))
(/usr/local/texlive/2016/texmf-dist/tex/latex/oberdiek/rerunfilecheck.sty
Package: rerunfilecheck 2016/05/16 v1.8 Rerun checks for auxiliary files (HO)

(/usr/local/texlive/2016/texmf-dist/tex/generic/oberdiek/pdftexcmds.sty
Package: pdftexcmds 2016/05/10 v0.21 Utility functions of pdfTeX for LuaTeX (HO
)
Package pdftexcmds Info: LuaTeX not detected.
Package pdftexcmds Info: \pdf@primitive is available.
Package pdftexcmds Info: \pdf@ifprimitive is available.
Package pdftexcmds Info: \pdfdraftmode found.
)
(/usr/local/texlive/2016/texmf-dist/tex/latex/oberdiek/atveryend.sty
Package: atveryend 2016/05/16 v1.9 Hooks at the very end of document (HO)
Package atveryend Info: \enddocument detected (standard20110627).
)
(/usr/local/texlive/2016/texmf-dist/tex/generic/oberdiek/uniquecounter.sty
Package: uniquecounter 2016/05/16 v1.3 Provide unlimited unique counter (HO)

(/usr/local/texlive/2016/texmf-dist/tex/generic/oberdiek/bigintcalc.sty
Package: bigintcalc 2016/05/16 v1.4 Expandable calculations on big integers (HO
)
))
Package uniquecounter Info: New unique counter `rerunfilecheck' on input line 2
82.
))
(/usr/local/texlive/2016/texmf-dist/tex/latex/mathdesign/mathdesign.sty
Package: mathdesign 2013/08/29 v2.31 Math Design Project

(/usr/local/texlive/2016/texmf-dist/tex/latex/base/ifthen.sty
Package: ifthen 2014/09/29 v1.1c Standard LaTeX ifthen package (DPC)
)
(/usr/local/texlive/2016/texmf-dist/tex/latex/mathdesign/mdugm/mdugm.cfg)
(/usr/local/texlive/2016/texmf-dist/tex/latex/mathdesign/mdugm/mdugm.sty
Package: mdugm 2013/08/29 v2.31 urw garamondno8 + mdugm (Math Design Project)

(/usr/local/texlive/2016/texmf-dist/tex/latex/mathdesign/mdfont.def
File: mdfont.def 2013/08/29 v2.31 (Math Design Project)
)
(/usr/local/texlive/2016/texmf-dist/tex/latex/mathdesign/mdttfont.def
File: mdttfont.def 2013/08/29 v2.31 (Math Design Project)
)
\symmdcal=\mathgroup4
LaTeX Font Info:    Overwriting symbol font `mdcal' in version `bold'
(Font)                  OMS/mdugm/m/n --> OMS/mdugm/b/n on input line 97.
\symmdscr=\mathgroup5
LaTeX Font Info:    Overwriting symbol font `mdscr' in version `bold'
(Font)                  OMS/mdugm/m/n --> OMS/mdugm/b/n on input line 103.
LaTeX Font Info:    Overwriting math alphabet `\mathfrak' in version `bold'
(Font)                  U/xmdeuf/m/n --> U/xmdeuf/b/n on input line 110.
LaTeX Font Info:    Overwriting symbol font `operators' in version `normal'
(Font)                  OT1/cmr/m/n --> OT1/mdugm/m/n on input line 121.
LaTeX Font Info:    Overwriting symbol font `letters' in version `normal'
(Font)                  OML/cmm/m/it --> OML/mdugm/m/it on input line 122.
LaTeX Font Info:    Overwriting symbol font `symbols' in version `normal'
(Font)                  OMS/cmsy/m/n --> OMS/mdugm/m/n on input line 123.
LaTeX Font Info:    Overwriting symbol font `largesymbols' in version `normal'
(Font)                  OMX/cmex/m/n --> OMX/mdugm/m/n on input line 124.
LaTeX Font Info:    Overwriting symbol font `operators' in version `bold'
(Font)                  OT1/cmr/bx/n --> OT1/mdugm/b/n on input line 126.
LaTeX Font Info:    Overwriting symbol font `letters' in version `bold'
(Font)                  OML/cmm/b/it --> OML/mdugm/b/it on input line 127.
LaTeX Font Info:    Overwriting symbol font `symbols' in version `bold'
(Font)                  OMS/cmsy/b/n --> OMS/mdugm/b/n on input line 128.
LaTeX Font Info:    Overwriting symbol font `largesymbols' in version `bold'
(Font)                  OMX/cmex/m/n --> OMX/mdugm/b/n on input line 129.
LaTeX Font Info:    Overwriting math alphabet `\mathrm' in version `normal'
(Font)                  OT1/mdugm/m/n --> OT1/mdugm/m/n on input line 131.
LaTeX Font Info:    Overwriting math alphabet `\mathbf' in version `normal'
(Font)                  OT1/cmr/bx/n --> OT1/mdugm/b/n on input line 132.
LaTeX Font Info:    Overwriting math alphabet `\mathit' in version `normal'
(Font)                  OT1/cmr/m/it --> OT1/mdugm/m/it on input line 133.
LaTeX Font Info:    Overwriting math alphabet `\mathsf' in version `normal'
(Font)                  OT1/cmss/m/n --> OT1/cmss/m/n on input line 134.
LaTeX Font Info:    Overwriting math alphabet `\mathtt' in version `normal'
(Font)                  OT1/cmtt/m/n --> OT1/cmtt/m/n on input line 135.
LaTeX Font Info:    Overwriting math alphabet `\mathrm' in version `bold'
(Font)                  OT1/mdugm/b/n --> OT1/mdugm/b/n on input line 137.
LaTeX Font Info:    Overwriting math alphabet `\mathbf' in version `bold'
(Font)                  OT1/cmr/bx/n --> OT1/mdugm/b/n on input line 138.
LaTeX Font Info:    Overwriting math alphabet `\mathit' in version `bold'
(Font)                  OT1/cmr/bx/it --> OT1/mdugm/b/it on input line 139.
LaTeX Font Info:    Overwriting math alphabet `\mathsf' in version `bold'
(Font)                  OT1/cmss/bx/n --> OT1/cmss/b/n on input line 140.
LaTeX Font Info:    Overwriting math alphabet `\mathtt' in version `bold'
(Font)                  OT1/cmtt/m/n --> OT1/cmtt/b/n on input line 141.
\symlettersupright=\mathgroup6
LaTeX Font Info:    Overwriting symbol font `lettersupright' in version `bold'
(Font)                  OML/mdugm/m/n --> OML/mdugm/b/n on input line 144.
LaTeX Font Info:    Redeclaring math alphabet \mathrm on input line 145.
LaTeX Font Info:    Overwriting math alphabet `\mathcal' in version `normal'
(Font)                  OMS/mdugm/m/n --> OMS/mdugm/m/n on input line 167.

(/usr/local/texlive/2016/texmf-dist/tex/latex/xkeyval/xkeyval.sty
Package: xkeyval 2014/12/03 v2.7a package option processing (HA)

(/usr/local/texlive/2016/texmf-dist/tex/generic/xkeyval/xkeyval.tex
(/usr/local/texlive/2016/texmf-dist/tex/generic/xkeyval/xkvutils.tex
\XKV@toks=\toks15
\XKV@tempa@toks=\toks16
)
\XKV@depth=\count103
File: xkeyval.tex 2014/12/03 v2.7a key=value parser (HA)
))
LaTeX Font Info:    Try loading font information for OT1+mdugm on input line 18
6.

(/usr/local/texlive/2016/texmf-dist/tex/latex/mathdesign/mdugm/ot1mdugm.fd
File: ot1mdugm.fd 2013/08/29 Fontinst v1.933 font definitions for OT1/mdugm.
)
LaTeX Font Info:    Redeclaring math accent \widetilde on input line 449.
LaTeX Font Info:    Redeclaring math accent \widehat on input line 450.
\symmathdesignA=\mathgroup7
LaTeX Font Info:    Overwriting symbol font `mathdesignA' in version `bold'
(Font)                  MDA/mdugm/m/n --> MDA/mdugm/b/n on input line 491.
\symmathdesignB=\mathgroup8
LaTeX Font Info:    Overwriting symbol font `mathdesignB' in version `bold'
(Font)                  MDB/mdugm/m/n --> MDB/mdugm/b/n on input line 498.
\@emptytoks=\toks17
LaTeX Font Info:    Redeclaring math accent \widetilde on input line 532.
LaTeX Font Info:    Redeclaring math accent \widehat on input line 533.
\rulethickness=\skip47
)
(/usr/local/texlive/2016/texmf-dist/tex/latex/base/fontenc.sty
Package: fontenc 2005/09/27 v1.99g Standard LaTeX package

(/usr/local/texlive/2016/texmf-dist/tex/latex/base/t1enc.def
File: t1enc.def 2005/09/27 v1.99g Standard LaTeX file
LaTeX Font Info:    Redeclaring font encoding T1 on input line 48.
)
LaTeX Font Info:    Try loading font information for T1+mdugm on input line 105
.

(/usr/local/texlive/2016/texmf-dist/tex/latex/mathdesign/mdugm/t1mdugm.fd
File: t1mdugm.fd 2013/08/29 Fontinst v1.933 font definitions for T1/mdugm.
)))
(/usr/local/texlive/2016/texmf-dist/tex/latex/base/fontenc.sty
Package: fontenc 2005/09/27 v1.99g Standard LaTeX package

(/usr/local/texlive/2016/texmf-dist/tex/latex/base/t1enc.def
File: t1enc.def 2005/09/27 v1.99g Standard LaTeX file
LaTeX Font Info:    Redeclaring font encoding T1 on input line 48.
)) (./booksamp.aux)
\openout1 = `booksamp.aux'.

LaTeX Font Info:    Checking defaults for OML/cmm/m/it on input line 74.
LaTeX Font Info:    ... okay on input line 74.
LaTeX Font Info:    Checking defaults for T1/cmr/m/n on input line 74.
LaTeX Font Info:    ... okay on input line 74.
LaTeX Font Info:    Checking defaults for OT1/cmr/m/n on input line 74.
LaTeX Font Info:    ... okay on input line 74.
LaTeX Font Info:    Checking defaults for OMS/cmsy/m/n on input line 74.
LaTeX Font Info:    ... okay on input line 74.
LaTeX Font Info:    Checking defaults for OMX/cmex/m/n on input line 74.
LaTeX Font Info:    ... okay on input line 74.
LaTeX Font Info:    Checking defaults for U/cmr/m/n on input line 74.
LaTeX Font Info:    ... okay on input line 74.
LaTeX Font Info:    Checking defaults for MDA/cmr/m/n on input line 74.
LaTeX Font Info:    Try loading font information for MDA+cmr on input line 74.
(/usr/local/texlive/2016/texmf-dist/tex/latex/mathdesign/mdacmr.fd
File: mdacmr.fd 
)
LaTeX Font Info:    ... okay on input line 74.
LaTeX Font Info:    Checking defaults for MDB/cmr/m/n on input line 74.
LaTeX Font Info:    Try loading font information for MDB+cmr on input line 74.

(/usr/local/texlive/2016/texmf-dist/tex/latex/mathdesign/mdbcmr.fd
File: mdbcmr.fd 
)
LaTeX Font Info:    ... okay on input line 74.

(/usr/local/texlive/2016/texmf-dist/tex/context/base/mkii/supp-pdf.mkii
[Loading MPS to PDF converter (version 2006.09.02).]
\scratchcounter=\count104
\scratchdimen=\dimen117
\scratchbox=\box52
\nofMPsegments=\count105
\nofMParguments=\count106
\everyMPshowfont=\toks18
\MPscratchCnt=\count107
\MPscratchDim=\dimen118
\MPnumerator=\count108
\makeMPintoPDFobject=\count109
\everyMPtoPDFconversion=\toks19
) (/usr/local/texlive/2016/texmf-dist/tex/latex/oberdiek/epstopdf-base.sty
Package: epstopdf-base 2016/05/15 v2.6 Base part for package epstopdf

(/usr/local/texlive/2016/texmf-dist/tex/latex/oberdiek/grfext.sty
Package: grfext 2016/05/16 v1.2 Manage graphics extensions (HO)

(/usr/local/texlive/2016/texmf-dist/tex/generic/oberdiek/kvdefinekeys.sty
Package: kvdefinekeys 2016/05/16 v1.4 Define keys (HO)
))
Package grfext Info: Graphics extension search list:
(grfext)             [.png,.pdf,.jpg,.mps,.jpeg,.jbig2,.jb2,.PNG,.PDF,.JPG,.JPE
G,.JBIG2,.JB2,.eps]
(grfext)             \AppendGraphicsExtensions on input line 456.

(/usr/local/texlive/2016/texmf-dist/tex/latex/latexconfig/epstopdf-sys.cfg
File: epstopdf-sys.cfg 2010/07/13 v1.3 Configuration of (r)epstopdf for TeX Liv
e
))
LaTeX Font Info:    Try loading font information for OML+mdugm on input line 76
.

(/usr/local/texlive/2016/texmf-dist/tex/latex/mathdesign/mdugm/omlmdugm.fd
File: omlmdugm.fd 2013/08/29 Fontinst v1.933 font definitions for OML/mdugm.
)
LaTeX Font Info:    Try loading font information for OMS+mdugm on input line 76
.

(/usr/local/texlive/2016/texmf-dist/tex/latex/mathdesign/mdugm/omsmdugm.fd
File: omsmdugm.fd 2013/08/29 Fontinst v1.933 font definitions for OMS/mdugm.
)
LaTeX Font Info:    Try loading font information for OMX+mdugm on input line 76
.

(/usr/local/texlive/2016/texmf-dist/tex/latex/mathdesign/mdugm/omxmdugm.fd
File: omxmdugm.fd 2013/08/29 Fontinst v1.933 font definitions for OMX/mdugm.
)
LaTeX Font Info:    Try loading font information for MDA+mdugm on input line 76
.

(/usr/local/texlive/2016/texmf-dist/tex/latex/mathdesign/mdugm/mdamdugm.fd
File: mdamdugm.fd 2013/08/29 Fontinst v1.933 font definitions for MDA/mdugm.
)
LaTeX Font Info:    Try loading font information for MDB+mdugm on input line 76
.

(/usr/local/texlive/2016/texmf-dist/tex/latex/mathdesign/mdugm/mdbmdugm.fd
File: mdbmdugm.fd 2013/08/29 Fontinst v1.933 font definitions for MDB/mdugm.
)
[1


{/usr/local/texlive/2016/texmf-var/fonts/map/pdftex/updmap/pdftex.map}]
LaTeX Font Info:    Try loading font information for T1+phv on input line 77.

(/usr/local/texlive/2016/texmf-dist/tex/latex/psnfss/t1phv.fd
File: t1phv.fd 2001/06/04 scalable font definitions for T1/phv.
) [2

]
(./booksamp.toc
LaTeX Font Info:    Font shape `T1/mdugm/b/n' in size <10> not available
(Font)              Font shape `T1/mdugm/bx/n' tried instead on input line 1.
LaTeX Font Info:    Font shape `T1/mdugm/bx/n' in size <10> not available
(Font)              Font shape `T1/mdugm/mb/n' tried instead on input line 1.
LaTeX Font Info:    Font shape `T1/mdugm/b/n' in size <7> not available
(Font)              Font shape `T1/mdugm/bx/n' tried instead on input line 3.
LaTeX Font Info:    Font shape `T1/mdugm/bx/n' in size <7> not available
(Font)              Font shape `T1/mdugm/mb/n' tried instead on input line 3.
LaTeX Font Info:    Font shape `T1/cmtt/m/n' will be
(Font)              scaled to size 9.75006pt on input line 8.
LaTeX Font Info:    Font shape `T1/cmtt/b/n' in size <10> not available
(Font)              Font shape `T1/cmtt/bx/n' tried instead on input line 8.
LaTeX Font Info:    Font shape `T1/cmtt/bx/n' in size <10> not available
(Font)              Font shape `T1/cmtt/m/n' tried instead on input line 8.
LaTeX Font Info:    Font shape `T1/cmtt/m/n' will be
(Font)              scaled to size 9.75006pt on input line 8.
)
\tf@toc=\write4
\openout4 = `booksamp.toc'.

 [1

] [2

]
LaTeX Font Info:    Font shape `T1/mdugm/b/n' in size <9> not available
(Font)              Font shape `T1/mdugm/bx/n' tried instead on input line 81.
LaTeX Font Info:    Font shape `T1/mdugm/bx/n' in size <9> not available
(Font)              Font shape `T1/mdugm/mb/n' tried instead on input line 81.
 [3] [4


] (./booksamp.lof)
\tf@lof=\write5
\openout5 = `booksamp.lof'.

 [5] [6

] (./booksamp.lot)
\tf@lot=\write6
\openout6 = `booksamp.lot'.


[7] [8

] (./booksamp.loa)
\tf@loa=\write7
\openout7 = `booksamp.loa'.

 [9] [10

] [11] [12


] [1

] [2]
Chapter 1.

Underfull \hbox (badness 10000) in paragraph at lines 109--109

 []

[3

]
LaTeX Font Info:    Calculating math sizes for size <9.5> on input line 222.
 [4]
LaTeX Font Info:    Font shape `T1/mdugm/b/fsc' in size <10> not available
(Font)              Font shape `T1/mdugm/bx/fsc' tried instead on input line 25
2.
LaTeX Font Info:    Font shape `T1/mdugm/bx/fsc' in size <10> not available
(Font)              Font shape `T1/mdugm/mb/fsc' tried instead on input line 25
2.
LaTeX Font Info:    Font shape `T1/cmtt/b/n' in size <11.5> not available
(Font)              Font shape `T1/cmtt/bx/n' tried instead on input line 260.
LaTeX Font Info:    Font shape `T1/cmtt/bx/n' in size <11.5> not available
(Font)              Font shape `T1/cmtt/m/n' tried instead on input line 260.


LaTeX Font Warning: Font shape `T1/cmtt/m/n' in size <11.5> not available
(Font)              size <12> substituted on input line 260.

LaTeX Font Info:    Font shape `T1/cmtt/m/n' will be
(Font)              scaled to size 11.70007pt on input line 260.
[5
design size mismatch in local font md-gmmo8t in virtual font mdugmmofc8t.vf ign
ored.
design size mismatch in local font md-gmmo8t in virtual font mdugmmofc8t.vf ign
ored.]
LaTeX Font Info:    Font shape `T1/mdugm/b/it' in size <10> not available
(Font)              Font shape `T1/mdugm/bx/it' tried instead on input line 331
.
LaTeX Font Info:    Font shape `T1/mdugm/bx/it' in size <10> not available
(Font)              Font shape `T1/mdugm/mb/it' tried instead on input line 331
.
 [6] [7]
LaTeX Font Info:    Font shape `OT1/mdugm/b/n' in size <10> not available
(Font)              Font shape `OT1/mdugm/bx/n' tried instead on input line 434
.
LaTeX Font Info:    Font shape `OT1/mdugm/bx/n' in size <10> not available
(Font)              Font shape `OT1/mdugm/mb/n' tried instead on input line 434
.
LaTeX Font Info:    Font shape `OT1/mdugm/b/n' in size <7> not available
(Font)              Font shape `OT1/mdugm/bx/n' tried instead on input line 434
.
LaTeX Font Info:    Font shape `OT1/mdugm/bx/n' in size <7> not available
(Font)              Font shape `OT1/mdugm/mb/n' tried instead on input line 434
.
LaTeX Font Info:    Font shape `OT1/mdugm/b/n' in size <5> not available
(Font)              Font shape `OT1/mdugm/bx/n' tried instead on input line 434
.
LaTeX Font Info:    Font shape `OT1/mdugm/bx/n' in size <5> not available
(Font)              Font shape `OT1/mdugm/mb/n' tried instead on input line 434
.
LaTeX Font Info:    Font shape `OML/mdugm/b/it' in size <10> not available
(Font)              Font shape `OML/mdugm/bx/it' tried instead on input line 43
4.
LaTeX Font Info:    Font shape `OML/mdugm/bx/it' in size <10> not available
(Font)              Font shape `OML/mdugm/mb/it' tried instead on input line 43
4.
LaTeX Font Info:    Font shape `OML/mdugm/b/it' in size <7> not available
(Font)              Font shape `OML/mdugm/bx/it' tried instead on input line 43
4.
LaTeX Font Info:    Font shape `OML/mdugm/bx/it' in size <7> not available
(Font)              Font shape `OML/mdugm/mb/it' tried instead on input line 43
4.
LaTeX Font Info:    Font shape `OML/mdugm/b/it' in size <5> not available
(Font)              Font shape `OML/mdugm/bx/it' tried instead on input line 43
4.
LaTeX Font Info:    Font shape `OML/mdugm/bx/it' in size <5> not available
(Font)              Font shape `OML/mdugm/mb/it' tried instead on input line 43
4.
LaTeX Font Info:    Font shape `OMS/mdugm/b/n' in size <10> not available
(Font)              Font shape `OMS/mdugm/bx/n' tried instead on input line 434
.
LaTeX Font Info:    Font shape `OMS/mdugm/bx/n' in size <10> not available
(Font)              Font shape `OMS/mdugm/mb/n' tried instead on input line 434
.
LaTeX Font Info:    Font shape `OMS/mdugm/b/n' in size <7> not available
(Font)              Font shape `OMS/mdugm/bx/n' tried instead on input line 434
.
LaTeX Font Info:    Font shape `OMS/mdugm/bx/n' in size <7> not available
(Font)              Font shape `OMS/mdugm/mb/n' tried instead on input line 434
.
LaTeX Font Info:    Font shape `OMS/mdugm/b/n' in size <5> not available
(Font)              Font shape `OMS/mdugm/bx/n' tried instead on input line 434
.
LaTeX Font Info:    Font shape `OMS/mdugm/bx/n' in size <5> not available
(Font)              Font shape `OMS/mdugm/mb/n' tried instead on input line 434
.
LaTeX Font Info:    Font shape `OMX/mdugm/b/n' in size <10> not available
(Font)              Font shape `OMX/mdugm/bx/n' tried instead on input line 434
.
LaTeX Font Info:    Font shape `OMX/mdugm/bx/n' in size <10> not available
(Font)              Font shape `OMX/mdugm/mb/n' tried instead on input line 434
.
LaTeX Font Info:    Font shape `OMX/mdugm/b/n' in size <7> not available
(Font)              Font shape `OMX/mdugm/bx/n' tried instead on input line 434
.
LaTeX Font Info:    Font shape `OMX/mdugm/bx/n' in size <7> not available
(Font)              Font shape `OMX/mdugm/mb/n' tried instead on input line 434
.
LaTeX Font Info:    Font shape `OMX/mdugm/b/n' in size <5> not available
(Font)              Font shape `OMX/mdugm/bx/n' tried instead on input line 434
.
LaTeX Font Info:    Font shape `OMX/mdugm/bx/n' in size <5> not available
(Font)              Font shape `OMX/mdugm/mb/n' tried instead on input line 434
.
LaTeX Font Info:    Font shape `OML/mdugm/b/n' in size <10> not available
(Font)              Font shape `OML/mdugm/bx/n' tried instead on input line 434
.
LaTeX Font Info:    Font shape `OML/mdugm/bx/n' in size <10> not available
(Font)              Font shape `OML/mdugm/mb/n' tried instead on input line 434
.
LaTeX Font Info:    Font shape `OML/mdugm/b/n' in size <7> not available
(Font)              Font shape `OML/mdugm/bx/n' tried instead on input line 434
.
LaTeX Font Info:    Font shape `OML/mdugm/bx/n' in size <7> not available
(Font)              Font shape `OML/mdugm/mb/n' tried instead on input line 434
.
LaTeX Font Info:    Font shape `OML/mdugm/b/n' in size <5> not available
(Font)              Font shape `OML/mdugm/bx/n' tried instead on input line 434
.
LaTeX Font Info:    Font shape `OML/mdugm/bx/n' in size <5> not available
(Font)              Font shape `OML/mdugm/mb/n' tried instead on input line 434
.
LaTeX Font Info:    Font shape `MDA/mdugm/b/n' in size <10> not available
(Font)              Font shape `MDA/mdugm/bx/n' tried instead on input line 434
.
LaTeX Font Info:    Font shape `MDA/mdugm/bx/n' in size <10> not available
(Font)              Font shape `MDA/mdugm/mb/n' tried instead on input line 434
.
LaTeX Font Info:    Font shape `MDA/mdugm/b/n' in size <7> not available
(Font)              Font shape `MDA/mdugm/bx/n' tried instead on input line 434
.
LaTeX Font Info:    Font shape `MDA/mdugm/bx/n' in size <7> not available
(Font)              Font shape `MDA/mdugm/mb/n' tried instead on input line 434
.
LaTeX Font Info:    Font shape `MDA/mdugm/b/n' in size <5> not available
(Font)              Font shape `MDA/mdugm/bx/n' tried instead on input line 434
.
LaTeX Font Info:    Font shape `MDA/mdugm/bx/n' in size <5> not available
(Font)              Font shape `MDA/mdugm/mb/n' tried instead on input line 434
.
LaTeX Font Info:    Font shape `MDB/mdugm/b/n' in size <10> not available
(Font)              Font shape `MDB/mdugm/bx/n' tried instead on input line 434
.
LaTeX Font Info:    Font shape `MDB/mdugm/bx/n' in size <10> not available
(Font)              Font shape `MDB/mdugm/mb/n' tried instead on input line 434
.
LaTeX Font Info:    Font shape `MDB/mdugm/b/n' in size <7> not available
(Font)              Font shape `MDB/mdugm/bx/n' tried instead on input line 434
.
LaTeX Font Info:    Font shape `MDB/mdugm/bx/n' in size <7> not available
(Font)              Font shape `MDB/mdugm/mb/n' tried instead on input line 434
.
LaTeX Font Info:    Font shape `MDB/mdugm/b/n' in size <5> not available
(Font)              Font shape `MDB/mdugm/bx/n' tried instead on input line 434
.
LaTeX Font Info:    Font shape `MDB/mdugm/bx/n' in size <5> not available
(Font)              Font shape `MDB/mdugm/mb/n' tried instead on input line 434
.
Package epstopdf Info: Source file: <box.eps>
(epstopdf)                    date: 2014-06-03 16:10:22
(epstopdf)                    size: 198026 bytes
(epstopdf)             Output file: <box-eps-converted-to.pdf>
(epstopdf)                    date: 2017-06-22 10:10:20
(epstopdf)                    size: 11733 bytes
(epstopdf)             Command: <repstopdf --outfile=box-eps-converted-to.pdf b
ox.eps>
(epstopdf)             \includegraphics on input line 470.
Package epstopdf Info: Output file is already uptodate.
 <box-eps-converted-to.pdf, id=84, 216.81pt x 216.81pt>
File: box-eps-converted-to.pdf Graphic file (type pdf)

<use box-eps-converted-to.pdf>
Package pdftex.def Info: box-eps-converted-to.pdf used on input line 470.
(pdftex.def)             Requested size: 144.54735pt x 144.54pt.
LaTeX Font Info:    Font shape `OT1/mdugm/b/n' in size <9> not available
(Font)              Font shape `OT1/mdugm/bx/n' tried instead on input line 472
.
LaTeX Font Info:    Font shape `OT1/mdugm/bx/n' in size <9> not available
(Font)              Font shape `OT1/mdugm/mb/n' tried instead on input line 472
.
LaTeX Font Info:    Font shape `OT1/mdugm/b/n' in size <6> not available
(Font)              Font shape `OT1/mdugm/bx/n' tried instead on input line 472
.
LaTeX Font Info:    Font shape `OT1/mdugm/bx/n' in size <6> not available
(Font)              Font shape `OT1/mdugm/mb/n' tried instead on input line 472
.
LaTeX Font Info:    Font shape `OT1/mdugm/b/n' in size <9.5> not available
(Font)              Font shape `OT1/mdugm/bx/n' tried instead on input line 505
.
LaTeX Font Info:    Font shape `OT1/mdugm/bx/n' in size <9.5> not available
(Font)              Font shape `OT1/mdugm/mb/n' tried instead on input line 505
.
LaTeX Font Info:    Font shape `OT1/mdugm/b/n' in size <6.64996> not available
(Font)              Font shape `OT1/mdugm/bx/n' tried instead on input line 505
.
LaTeX Font Info:    Font shape `OT1/mdugm/bx/n' in size <6.64996> not available

(Font)              Font shape `OT1/mdugm/mb/n' tried instead on input line 505
.
LaTeX Font Info:    Font shape `OT1/mdugm/b/n' in size <4.75> not available
(Font)              Font shape `OT1/mdugm/bx/n' tried instead on input line 505
.
LaTeX Font Info:    Font shape `OT1/mdugm/bx/n' in size <4.75> not available
(Font)              Font shape `OT1/mdugm/mb/n' tried instead on input line 505
.
 [8]
LaTeX Font Info:    Font shape `OT1/mdugm/b/n' in size <8> not available
(Font)              Font shape `OT1/mdugm/bx/n' tried instead on input line 542
.
LaTeX Font Info:    Font shape `OT1/mdugm/bx/n' in size <8> not available
(Font)              Font shape `OT1/mdugm/mb/n' tried instead on input line 542
.
Package epstopdf Info: Source file: <box.eps>
(epstopdf)                    date: 2014-06-03 16:10:22
(epstopdf)                    size: 198026 bytes
(epstopdf)             Output file: <box-eps-converted-to.pdf>
(epstopdf)                    date: 2017-06-22 10:10:20
(epstopdf)                    size: 11733 bytes
(epstopdf)             Command: <repstopdf --outfile=box-eps-converted-to.pdf b
ox.eps>
(epstopdf)             \includegraphics on input line 549.
Package epstopdf Info: Output file is already uptodate.
File: box-eps-converted-to.pdf Graphic file (type pdf)
 <use box-eps-converted-to.pdf>
Package pdftex.def Info: box-eps-converted-to.pdf used on input line 549.
(pdftex.def)             Requested size: 144.54735pt x 144.54pt.
 [9 <./box-eps-converted-to.pdf>] [10] [11] [12

] (./booksamp.brf)
\tf@brf=\write8
\openout8 = `booksamp.brf'.

 [13

] [14] (./booksamp.ind
[15

])
Package atveryend Info: Empty hook `BeforeClearDocument' on input line 742.
Package atveryend Info: Empty hook `AfterLastShipout' on input line 742.
 (./booksamp.aux)
Package atveryend Info: Empty hook `AtVeryEndDocument' on input line 742.
Package atveryend Info: Executing hook `AtEndAfterFileList' on input line 742.
Package rerunfilecheck Info: File `booksamp.brf' has not changed.
(rerunfilecheck)             Checksum: 8C7FEAED2FE61E2110E0F7C12B6633BC;308.


LaTeX Font Warning: Size substitutions with differences
(Font)              up to 0.5pt have occurred.

Package atveryend Info: Empty hook `AtVeryVeryEnd' on input line 742.
 ) 
Here is how much of TeX's memory you used:
 4040 strings out of 493014
 56961 string characters out of 6133351
 119562 words of memory out of 5000000
 7401 multiletter control sequences out of 15000+600000
 226248 words of font info for 228 fonts, out of 8000000 for 9000
 1141 hyphenation exceptions out of 8191
 36i,10n,35p,388b,299s stack positions out of 5000i,500n,10000p,200000b,80000s
{/usr/local/texlive/2016/texmf-dist/fonts/enc/dvips/ly1/texnansi.enc}{/usr/lo
cal/texlive/2016/texmf-dist/fonts/enc/dvips/cm-super/cm-super-t1.enc}{/usr/loca
l/texlive/2016/texmf-dist/fonts/enc/dvips/base/8r.enc}</usr/local/texlive/2016/
texmf-dist/fonts/type1/public/mathdesign/mdugm/md-gmm7t.pfb></usr/local/texlive
/2016/texmf-dist/fonts/type1/public/mathdesign/mdugm/md-gmr7m.pfb></usr/local/t
exlive/2016/texmf-dist/fonts/type1/public/mathdesign/mdugm/md-gmr7t.pfb></usr/l
ocal/texlive/2016/texmf-dist/fonts/type1/public/mathdesign/mdugm/md-gmr7v.pfb><
/usr/local/texlive/2016/texmf-dist/fonts/type1/public/mathdesign/mdugm/md-gmr7y
.pfb></usr/local/texlive/2016/texmf-dist/fonts/type1/public/mathdesign/mdugm/md
-gmr8t.pfb></usr/local/texlive/2016/texmf-dist/fonts/type1/public/mathdesign/md
ugm/md-gmri7m.pfb></usr/local/texlive/2016/texmf-dist/fonts/type1/public/cm-sup
er/sftt1000.pfb></usr/local/texlive/2016/texmf-dist/fonts/type1/public/cm-super
/sftt1200.pfb></usr/local/texlive/texmf-local/fonts/type1/urw/garamond/ugmm8a.p
fb></usr/local/texlive/texmf-local/fonts/type1/urw/garamond/ugmm8a.pfb></usr/lo
cal/texlive/texmf-local/fonts/type1/urw/garamond/ugmmi8a.pfb></usr/local/texliv
e/texmf-local/fonts/type1/urw/garamond/ugmr8a.pfb></usr/local/texlive/texmf-loc
al/fonts/type1/urw/garamond/ugmri8a.pfb></usr/local/texlive/2016/texmf-dist/fon
ts/type1/urw/helvetic/uhvb8a.pfb></usr/local/texlive/2016/texmf-dist/fonts/type
1/urw/helvetic/uhvr8a.pfb>
Output written on booksamp.pdf (29 pages, 236544 bytes).
PDF statistics:
 175 PDF objects out of 1000 (max. 8388607)
 122 compressed objects within 2 object streams
 0 named destinations out of 1000 (max. 500000)
 6 words of extra memory for PDF output out of 10000 (max. 10000000)

